<?xml version="1.0" encoding="UTF-8"?>
<testng-results ignored="0" total="1" passed="1" failed="0" skipped="0">
  <reporter-output>
  </reporter-output>
  <suite started-at="2025-05-30T15:14:43 IST" name="Default suite" finished-at="2025-05-30T15:15:09 IST" duration-ms="26570">
    <groups>
    </groups>
    <test started-at="2025-05-30T15:14:43 IST" name="Default test" finished-at="2025-05-30T15:15:09 IST" duration-ms="26570">
      <class name="TestBase.Add_Emp_end_to_End">
        <test-method signature="setup()[pri:0, instance:TestBase.Add_Emp_end_to_End@2892d68]" started-at="2025-05-30T15:14:43 IST" name="setup" finished-at="2025-05-30T15:15:09 IST" duration-ms="26501" status="PASS">
          <reporter-output>
          </reporter-output>
        </test-method> <!-- setup -->
      </class> <!-- TestBase.Add_Emp_end_to_End -->
    </test> <!-- Default test -->
  </suite> <!-- Default suite -->
</testng-results>
